2025-10-17 19:56:56,946 INFO [bdqueimadas.consolidate] [2003] MANUAL: exportador_2025-10-17_ref_2003.csv
2025-10-17 19:56:56,946 INFO [bdqueimadas.consolidate] [2003] PROC:    focos_br_ref_2003.csv
2025-10-17 19:56:56,946 INFO [bdqueimadas.consolidate] [PHASE] Lendo MANUAL: exportador_2025-10-17_ref_2003.csv
2025-10-17 19:56:57,440 INFO [bdqueimadas.consolidate]   linhas lidas (manual): 341,237  | tempo=0.49s
2025-10-17 19:56:57,440 INFO [bdqueimadas.consolidate] [PHASE] Normalizando MANUAL (datas, chaves, strings)
2025-10-17 19:57:01,339 INFO [bdqueimadas.consolidate]   normalização (manual) ok | tempo=3.90s
2025-10-17 19:57:01,339 INFO [bdqueimadas.consolidate] [PHASE] Lendo PROCESSADO: focos_br_ref_2003.csv
2025-10-17 19:57:02,070 INFO [bdqueimadas.consolidate]   linhas lidas (proc): 341,237  | tempo=0.73s
2025-10-17 19:57:02,071 INFO [bdqueimadas.consolidate] [PHASE] Normalizando PROCESSADO (datas, chaves, strings)
2025-10-17 19:57:05,981 INFO [bdqueimadas.consolidate]   normalização (proc) ok | tempo=3.91s
2025-10-17 19:57:05,981 INFO [bdqueimadas.consolidate] [PHASE] MERGE bruto por __KEY
2025-10-17 19:57:07,803 INFO [bdqueimadas.consolidate]   linhas pós-merge: 7,248,149 | hits (id_bdq!=NaN): 7,248,149 | tempo=1.82s
2025-10-17 19:57:07,803 INFO [bdqueimadas.consolidate] [PHASE] DESAMBIGUAÇÃO por grupos (KEY+FRP+RiscoFogo+coords)
2025-10-17 19:57:09,569 INFO [bdqueimadas.consolidate]   grupos a resolver: 341,237
2025-10-17 19:57:16,757 INFO [bdqueimadas.consolidate]   progresso desambiguação:   1.47% (5,000/341,237)
2025-10-17 19:57:21,876 INFO [bdqueimadas.consolidate]   progresso desambiguação:   2.93% (10,000/341,237)
2025-10-17 19:57:29,854 INFO [bdqueimadas.consolidate]   progresso desambiguação:   4.40% (15,000/341,237)
2025-10-17 19:57:33,902 INFO [bdqueimadas.consolidate]   progresso desambiguação:   5.86% (20,000/341,237)
2025-10-17 19:57:38,748 INFO [bdqueimadas.consolidate]   progresso desambiguação:   7.33% (25,000/341,237)
2025-10-17 19:57:45,181 INFO [bdqueimadas.consolidate]   progresso desambiguação:   8.79% (30,000/341,237)
2025-10-17 19:57:50,283 INFO [bdqueimadas.consolidate]   progresso desambiguação:  10.26% (35,000/341,237)
2025-10-17 19:57:56,141 INFO [bdqueimadas.consolidate]   progresso desambiguação:  11.72% (40,000/341,237)
2025-10-17 19:58:02,038 INFO [bdqueimadas.consolidate]   progresso desambiguação:  13.19% (45,000/341,237)
2025-10-17 19:58:07,554 INFO [bdqueimadas.consolidate]   progresso desambiguação:  14.65% (50,000/341,237)
2025-10-17 19:58:15,782 INFO [bdqueimadas.consolidate]   progresso desambiguação:  16.12% (55,000/341,237)
2025-10-17 19:58:20,840 INFO [bdqueimadas.consolidate]   progresso desambiguação:  17.58% (60,000/341,237)
2025-10-17 19:58:29,031 INFO [bdqueimadas.consolidate]   progresso desambiguação:  19.05% (65,000/341,237)
2025-10-17 19:58:39,323 INFO [bdqueimadas.consolidate]   progresso desambiguação:  20.51% (70,000/341,237)
2025-10-17 19:58:45,350 INFO [bdqueimadas.consolidate]   progresso desambiguação:  21.98% (75,000/341,237)
2025-10-17 19:58:53,994 INFO [bdqueimadas.consolidate]   progresso desambiguação:  23.44% (80,000/341,237)
2025-10-17 19:59:02,291 INFO [bdqueimadas.consolidate]   progresso desambiguação:  24.91% (85,000/341,237)
2025-10-17 19:59:07,769 INFO [bdqueimadas.consolidate]   progresso desambiguação:  26.37% (90,000/341,237)
2025-10-17 19:59:14,122 INFO [bdqueimadas.consolidate]   progresso desambiguação:  27.84% (95,000/341,237)
2025-10-17 19:59:20,872 INFO [bdqueimadas.consolidate]   progresso desambiguação:  29.31% (100,000/341,237)
2025-10-17 19:59:27,991 INFO [bdqueimadas.consolidate]   progresso desambiguação:  30.77% (105,000/341,237)
2025-10-17 19:59:36,693 INFO [bdqueimadas.consolidate]   progresso desambiguação:  32.24% (110,000/341,237)
2025-10-17 19:59:47,825 INFO [bdqueimadas.consolidate]   progresso desambiguação:  33.70% (115,000/341,237)
2025-10-17 20:00:00,251 INFO [bdqueimadas.consolidate]   progresso desambiguação:  35.17% (120,000/341,237)
2025-10-17 20:00:16,786 INFO [bdqueimadas.consolidate]   progresso desambiguação:  36.63% (125,000/341,237)
2025-10-17 20:00:30,800 INFO [bdqueimadas.consolidate]   progresso desambiguação:  38.10% (130,000/341,237)
2025-10-17 20:00:40,301 INFO [bdqueimadas.consolidate]   progresso desambiguação:  39.56% (135,000/341,237)
2025-10-17 20:00:53,349 INFO [bdqueimadas.consolidate]   progresso desambiguação:  41.03% (140,000/341,237)
2025-10-17 20:01:05,451 INFO [bdqueimadas.consolidate]   progresso desambiguação:  42.49% (145,000/341,237)
2025-10-17 20:01:21,216 INFO [bdqueimadas.consolidate]   progresso desambiguação:  43.96% (150,000/341,237)
2025-10-17 20:01:29,161 INFO [bdqueimadas.consolidate]   progresso desambiguação:  45.42% (155,000/341,237)
2025-10-17 20:01:39,797 INFO [bdqueimadas.consolidate]   progresso desambiguação:  46.89% (160,000/341,237)
2025-10-17 20:01:50,741 INFO [bdqueimadas.consolidate]   progresso desambiguação:  48.35% (165,000/341,237)
2025-10-17 20:01:57,132 INFO [bdqueimadas.consolidate]   progresso desambiguação:  49.82% (170,000/341,237)
2025-10-17 20:02:09,466 INFO [bdqueimadas.consolidate]   progresso desambiguação:  51.28% (175,000/341,237)
2025-10-17 20:02:22,364 INFO [bdqueimadas.consolidate]   progresso desambiguação:  52.75% (180,000/341,237)
2025-10-17 20:02:29,855 INFO [bdqueimadas.consolidate]   progresso desambiguação:  54.21% (185,000/341,237)
2025-10-17 20:02:38,701 INFO [bdqueimadas.consolidate]   progresso desambiguação:  55.68% (190,000/341,237)
2025-10-17 20:02:47,590 INFO [bdqueimadas.consolidate]   progresso desambiguação:  57.15% (195,000/341,237)
2025-10-17 20:03:04,525 INFO [bdqueimadas.consolidate]   progresso desambiguação:  58.61% (200,000/341,237)
2025-10-17 20:03:12,019 INFO [bdqueimadas.consolidate]   progresso desambiguação:  60.08% (205,000/341,237)
2025-10-17 20:03:20,167 INFO [bdqueimadas.consolidate]   progresso desambiguação:  61.54% (210,000/341,237)
2025-10-17 20:03:28,817 INFO [bdqueimadas.consolidate]   progresso desambiguação:  63.01% (215,000/341,237)
2025-10-17 20:03:37,763 INFO [bdqueimadas.consolidate]   progresso desambiguação:  64.47% (220,000/341,237)
2025-10-17 20:03:43,300 INFO [bdqueimadas.consolidate]   progresso desambiguação:  65.94% (225,000/341,237)
2025-10-17 20:03:48,442 INFO [bdqueimadas.consolidate]   progresso desambiguação:  67.40% (230,000/341,237)
2025-10-17 20:03:53,993 INFO [bdqueimadas.consolidate]   progresso desambiguação:  68.87% (235,000/341,237)
2025-10-17 20:04:01,840 INFO [bdqueimadas.consolidate]   progresso desambiguação:  70.33% (240,000/341,237)
2025-10-17 20:04:09,097 INFO [bdqueimadas.consolidate]   progresso desambiguação:  71.80% (245,000/341,237)
2025-10-17 20:04:21,660 INFO [bdqueimadas.consolidate]   progresso desambiguação:  73.26% (250,000/341,237)
2025-10-17 20:04:34,367 INFO [bdqueimadas.consolidate]   progresso desambiguação:  74.73% (255,000/341,237)
2025-10-17 20:04:42,056 INFO [bdqueimadas.consolidate]   progresso desambiguação:  76.19% (260,000/341,237)
2025-10-17 20:04:49,879 INFO [bdqueimadas.consolidate]   progresso desambiguação:  77.66% (265,000/341,237)
2025-10-17 20:04:58,455 INFO [bdqueimadas.consolidate]   progresso desambiguação:  79.12% (270,000/341,237)
2025-10-17 20:05:06,287 INFO [bdqueimadas.consolidate]   progresso desambiguação:  80.59% (275,000/341,237)
2025-10-17 20:05:12,995 INFO [bdqueimadas.consolidate]   progresso desambiguação:  82.05% (280,000/341,237)
2025-10-17 20:05:18,919 INFO [bdqueimadas.consolidate]   progresso desambiguação:  83.52% (285,000/341,237)
2025-10-17 20:05:24,042 INFO [bdqueimadas.consolidate]   progresso desambiguação:  84.98% (290,000/341,237)
2025-10-17 20:05:30,191 INFO [bdqueimadas.consolidate]   progresso desambiguação:  86.45% (295,000/341,237)
2025-10-17 20:05:39,038 INFO [bdqueimadas.consolidate]   progresso desambiguação:  87.92% (300,000/341,237)
2025-10-17 20:05:46,483 INFO [bdqueimadas.consolidate]   progresso desambiguação:  89.38% (305,000/341,237)
2025-10-17 20:05:53,354 INFO [bdqueimadas.consolidate]   progresso desambiguação:  90.85% (310,000/341,237)
2025-10-17 20:05:59,894 INFO [bdqueimadas.consolidate]   progresso desambiguação:  92.31% (315,000/341,237)
2025-10-17 20:06:08,328 INFO [bdqueimadas.consolidate]   progresso desambiguação:  93.78% (320,000/341,237)
2025-10-17 20:06:15,450 INFO [bdqueimadas.consolidate]   progresso desambiguação:  95.24% (325,000/341,237)
2025-10-17 20:06:24,820 INFO [bdqueimadas.consolidate]   progresso desambiguação:  96.71% (330,000/341,237)
2025-10-17 20:06:29,782 INFO [bdqueimadas.consolidate]   progresso desambiguação:  98.17% (335,000/341,237)
2025-10-17 20:06:34,263 INFO [bdqueimadas.consolidate]   progresso desambiguação:  99.64% (340,000/341,237)
2025-10-17 20:06:35,459 INFO [bdqueimadas.consolidate]   progresso desambiguação: 100.00% (341,237/341,237)
2025-10-17 20:07:16,561 INFO [bdqueimadas.consolidate]   desambiguação concluída | linhas=341,237 | tempo=606.99s
2025-10-17 20:07:23,041 INFO [bdqueimadas.consolidate] [2003] [DONE] D:\Projetos\TCC\data\consolidated\BDQUEIMADAS\bdq_targets_2003.csv  (linhas: 341,237)
2025-10-17 20:07:23,041 INFO [bdqueimadas.consolidate] [2003] STATS: {'total_manual_rows': 341237, 'matched_rows': 341237, 'unmatched_manual_rows': 0, 'raw_merge_matches': 7248149, 'unmatched_proc_keys': 0}
2025-10-17 20:07:23,204 INFO [bdqueimadas.consolidate] [2004] MANUAL: exportador_2025-10-17_ref_2004.csv
2025-10-17 20:07:23,205 INFO [bdqueimadas.consolidate] [2004] PROC:    focos_br_ref_2004.csv
2025-10-17 20:07:23,205 INFO [bdqueimadas.consolidate] [PHASE] Lendo MANUAL: exportador_2025-10-17_ref_2004.csv
2025-10-17 20:07:23,875 INFO [bdqueimadas.consolidate]   linhas lidas (manual): 380,445  | tempo=0.67s
2025-10-17 20:07:23,876 INFO [bdqueimadas.consolidate] [PHASE] Normalizando MANUAL (datas, chaves, strings)
2025-10-17 20:07:28,682 INFO [bdqueimadas.consolidate]   normalização (manual) ok | tempo=4.81s
2025-10-17 20:07:28,682 INFO [bdqueimadas.consolidate] [PHASE] Lendo PROCESSADO: focos_br_ref_2004.csv
2025-10-17 20:07:29,474 INFO [bdqueimadas.consolidate]   linhas lidas (proc): 380,445  | tempo=0.79s
2025-10-17 20:07:29,474 INFO [bdqueimadas.consolidate] [PHASE] Normalizando PROCESSADO (datas, chaves, strings)
2025-10-17 20:07:34,287 INFO [bdqueimadas.consolidate]   normalização (proc) ok | tempo=4.81s
2025-10-17 20:07:34,287 INFO [bdqueimadas.consolidate] [PHASE] MERGE bruto por __KEY
2025-10-17 20:07:36,810 INFO [bdqueimadas.consolidate]   linhas pós-merge: 12,266,887 | hits (id_bdq!=NaN): 12,266,887 | tempo=2.52s
2025-10-17 20:07:36,811 INFO [bdqueimadas.consolidate] [PHASE] DESAMBIGUAÇÃO por grupos (KEY+FRP+RiscoFogo+coords)
2025-10-17 20:07:39,579 INFO [bdqueimadas.consolidate]   grupos a resolver: 380,445
2025-10-17 20:07:46,772 INFO [bdqueimadas.consolidate]   progresso desambiguação:   1.31% (5,000/380,445)
2025-10-17 20:07:50,539 INFO [bdqueimadas.consolidate]   progresso desambiguação:   2.63% (10,000/380,445)
2025-10-17 20:07:54,576 INFO [bdqueimadas.consolidate]   progresso desambiguação:   3.94% (15,000/380,445)
2025-10-17 20:08:00,147 INFO [bdqueimadas.consolidate]   progresso desambiguação:   5.26% (20,000/380,445)
2025-10-17 20:08:06,980 INFO [bdqueimadas.consolidate]   progresso desambiguação:   6.57% (25,000/380,445)
2025-10-17 20:08:12,617 INFO [bdqueimadas.consolidate]   progresso desambiguação:   7.89% (30,000/380,445)
2025-10-17 20:08:19,829 INFO [bdqueimadas.consolidate]   progresso desambiguação:   9.20% (35,000/380,445)
2025-10-17 20:08:26,086 INFO [bdqueimadas.consolidate]   progresso desambiguação:  10.51% (40,000/380,445)
2025-10-17 20:08:32,631 INFO [bdqueimadas.consolidate]   progresso desambiguação:  11.83% (45,000/380,445)
2025-10-17 20:08:38,318 INFO [bdqueimadas.consolidate]   progresso desambiguação:  13.14% (50,000/380,445)
2025-10-17 20:08:47,685 INFO [bdqueimadas.consolidate]   progresso desambiguação:  14.46% (55,000/380,445)
2025-10-17 20:09:02,328 INFO [bdqueimadas.consolidate]   progresso desambiguação:  15.77% (60,000/380,445)
2025-10-17 20:09:35,588 INFO [bdqueimadas.consolidate]   progresso desambiguação:  17.09% (65,000/380,445)
2025-10-17 20:09:47,356 INFO [bdqueimadas.consolidate]   progresso desambiguação:  18.40% (70,000/380,445)
2025-10-17 20:10:17,232 INFO [bdqueimadas.consolidate]   progresso desambiguação:  19.71% (75,000/380,445)
2025-10-17 20:10:38,562 INFO [bdqueimadas.consolidate]   progresso desambiguação:  21.03% (80,000/380,445)
2025-10-17 20:10:54,889 INFO [bdqueimadas.consolidate]   progresso desambiguação:  22.34% (85,000/380,445)
2025-10-17 20:11:05,604 INFO [bdqueimadas.consolidate]   progresso desambiguação:  23.66% (90,000/380,445)
2025-10-17 20:11:18,400 INFO [bdqueimadas.consolidate]   progresso desambiguação:  24.97% (95,000/380,445)
2025-10-17 20:11:37,430 INFO [bdqueimadas.consolidate]   progresso desambiguação:  26.29% (100,000/380,445)
2025-10-17 20:11:58,420 INFO [bdqueimadas.consolidate]   progresso desambiguação:  27.60% (105,000/380,445)
2025-10-17 20:12:16,622 INFO [bdqueimadas.consolidate]   progresso desambiguação:  28.91% (110,000/380,445)
2025-10-17 20:12:26,967 INFO [bdqueimadas.consolidate]   progresso desambiguação:  30.23% (115,000/380,445)
2025-10-17 20:12:36,393 INFO [bdqueimadas.consolidate]   progresso desambiguação:  31.54% (120,000/380,445)
2025-10-17 20:12:43,177 INFO [bdqueimadas.consolidate]   progresso desambiguação:  32.86% (125,000/380,445)
2025-10-17 20:12:49,879 INFO [bdqueimadas.consolidate]   progresso desambiguação:  34.17% (130,000/380,445)
2025-10-17 20:12:56,388 INFO [bdqueimadas.consolidate]   progresso desambiguação:  35.48% (135,000/380,445)
2025-10-17 20:13:09,666 INFO [bdqueimadas.consolidate]   progresso desambiguação:  36.80% (140,000/380,445)
2025-10-17 20:13:23,628 INFO [bdqueimadas.consolidate]   progresso desambiguação:  38.11% (145,000/380,445)
2025-10-17 20:13:37,008 INFO [bdqueimadas.consolidate]   progresso desambiguação:  39.43% (150,000/380,445)
2025-10-17 20:14:03,837 INFO [bdqueimadas.consolidate]   progresso desambiguação:  40.74% (155,000/380,445)
2025-10-17 20:14:18,897 INFO [bdqueimadas.consolidate]   progresso desambiguação:  42.06% (160,000/380,445)
2025-10-17 20:14:31,508 INFO [bdqueimadas.consolidate]   progresso desambiguação:  43.37% (165,000/380,445)
2025-10-17 20:14:55,775 INFO [bdqueimadas.consolidate]   progresso desambiguação:  44.68% (170,000/380,445)
2025-10-17 20:15:14,727 INFO [bdqueimadas.consolidate]   progresso desambiguação:  46.00% (175,000/380,445)
2025-10-17 20:15:32,900 INFO [bdqueimadas.consolidate]   progresso desambiguação:  47.31% (180,000/380,445)
2025-10-17 20:15:45,262 INFO [bdqueimadas.consolidate]   progresso desambiguação:  48.63% (185,000/380,445)
2025-10-17 20:15:58,884 INFO [bdqueimadas.consolidate]   progresso desambiguação:  49.94% (190,000/380,445)
2025-10-17 20:16:09,629 INFO [bdqueimadas.consolidate]   progresso desambiguação:  51.26% (195,000/380,445)
2025-10-17 20:16:31,580 INFO [bdqueimadas.consolidate]   progresso desambiguação:  52.57% (200,000/380,445)
2025-10-17 20:16:41,081 INFO [bdqueimadas.consolidate]   progresso desambiguação:  53.88% (205,000/380,445)
2025-10-17 20:16:50,990 INFO [bdqueimadas.consolidate]   progresso desambiguação:  55.20% (210,000/380,445)
2025-10-17 20:17:05,838 INFO [bdqueimadas.consolidate]   progresso desambiguação:  56.51% (215,000/380,445)
2025-10-17 20:17:18,454 INFO [bdqueimadas.consolidate]   progresso desambiguação:  57.83% (220,000/380,445)
2025-10-17 20:17:28,127 INFO [bdqueimadas.consolidate]   progresso desambiguação:  59.14% (225,000/380,445)
2025-10-17 20:17:35,982 INFO [bdqueimadas.consolidate]   progresso desambiguação:  60.46% (230,000/380,445)
2025-10-17 20:17:43,747 INFO [bdqueimadas.consolidate]   progresso desambiguação:  61.77% (235,000/380,445)
2025-10-17 20:17:50,629 INFO [bdqueimadas.consolidate]   progresso desambiguação:  63.08% (240,000/380,445)
2025-10-17 20:17:57,130 INFO [bdqueimadas.consolidate]   progresso desambiguação:  64.40% (245,000/380,445)
2025-10-17 20:18:04,249 INFO [bdqueimadas.consolidate]   progresso desambiguação:  65.71% (250,000/380,445)
2025-10-17 20:18:09,835 INFO [bdqueimadas.consolidate]   progresso desambiguação:  67.03% (255,000/380,445)
2025-10-17 20:18:15,774 INFO [bdqueimadas.consolidate]   progresso desambiguação:  68.34% (260,000/380,445)
2025-10-17 20:18:25,735 INFO [bdqueimadas.consolidate]   progresso desambiguação:  69.66% (265,000/380,445)
2025-10-17 20:18:39,590 INFO [bdqueimadas.consolidate]   progresso desambiguação:  70.97% (270,000/380,445)
2025-10-17 20:18:48,807 INFO [bdqueimadas.consolidate]   progresso desambiguação:  72.28% (275,000/380,445)
2025-10-17 20:18:56,233 INFO [bdqueimadas.consolidate]   progresso desambiguação:  73.60% (280,000/380,445)
2025-10-17 20:19:03,195 INFO [bdqueimadas.consolidate]   progresso desambiguação:  74.91% (285,000/380,445)
2025-10-17 20:19:09,891 INFO [bdqueimadas.consolidate]   progresso desambiguação:  76.23% (290,000/380,445)
2025-10-17 20:19:16,978 INFO [bdqueimadas.consolidate]   progresso desambiguação:  77.54% (295,000/380,445)
2025-10-17 20:19:21,888 INFO [bdqueimadas.consolidate]   progresso desambiguação:  78.86% (300,000/380,445)
2025-10-17 20:19:26,744 INFO [bdqueimadas.consolidate]   progresso desambiguação:  80.17% (305,000/380,445)
2025-10-17 20:19:31,274 INFO [bdqueimadas.consolidate]   progresso desambiguação:  81.48% (310,000/380,445)
2025-10-17 20:19:37,207 INFO [bdqueimadas.consolidate]   progresso desambiguação:  82.80% (315,000/380,445)
2025-10-17 20:19:43,527 INFO [bdqueimadas.consolidate]   progresso desambiguação:  84.11% (320,000/380,445)
2025-10-17 20:19:50,440 INFO [bdqueimadas.consolidate]   progresso desambiguação:  85.43% (325,000/380,445)
2025-10-17 20:20:00,964 INFO [bdqueimadas.consolidate]   progresso desambiguação:  86.74% (330,000/380,445)
2025-10-17 20:20:07,592 INFO [bdqueimadas.consolidate]   progresso desambiguação:  88.05% (335,000/380,445)
2025-10-17 20:20:16,130 INFO [bdqueimadas.consolidate]   progresso desambiguação:  89.37% (340,000/380,445)
2025-10-17 20:20:24,836 INFO [bdqueimadas.consolidate]   progresso desambiguação:  90.68% (345,000/380,445)
2025-10-17 20:20:31,407 INFO [bdqueimadas.consolidate]   progresso desambiguação:  92.00% (350,000/380,445)
2025-10-17 20:20:37,879 INFO [bdqueimadas.consolidate]   progresso desambiguação:  93.31% (355,000/380,445)
2025-10-17 20:20:44,303 INFO [bdqueimadas.consolidate]   progresso desambiguação:  94.63% (360,000/380,445)
2025-10-17 20:20:50,875 INFO [bdqueimadas.consolidate]   progresso desambiguação:  95.94% (365,000/380,445)
2025-10-17 20:20:57,091 INFO [bdqueimadas.consolidate]   progresso desambiguação:  97.25% (370,000/380,445)
2025-10-17 20:21:02,453 INFO [bdqueimadas.consolidate]   progresso desambiguação:  98.57% (375,000/380,445)
2025-10-17 20:21:07,495 INFO [bdqueimadas.consolidate]   progresso desambiguação:  99.88% (380,000/380,445)
2025-10-17 20:21:07,922 INFO [bdqueimadas.consolidate]   progresso desambiguação: 100.00% (380,445/380,445)
2025-10-17 20:21:50,718 INFO [bdqueimadas.consolidate]   desambiguação concluída | linhas=380,445 | tempo=851.14s
2025-10-17 20:21:57,116 INFO [bdqueimadas.consolidate] [2004] [DONE] D:\Projetos\TCC\data\consolidated\BDQUEIMADAS\bdq_targets_2004.csv  (linhas: 380,445)
2025-10-17 20:21:57,116 INFO [bdqueimadas.consolidate] [2004] STATS: {'total_manual_rows': 380445, 'matched_rows': 380445, 'unmatched_manual_rows': 0, 'raw_merge_matches': 12266887, 'unmatched_proc_keys': 0}
2025-10-17 20:21:57,288 INFO [bdqueimadas.consolidate] [2006] MANUAL: exportador_2025-10-17_ref_2006.csv
2025-10-17 20:21:57,288 INFO [bdqueimadas.consolidate] [2006] PROC:    focos_br_ref_2006.csv
2025-10-17 20:21:57,288 INFO [bdqueimadas.consolidate] [PHASE] Lendo MANUAL: exportador_2025-10-17_ref_2006.csv
2025-10-17 20:21:57,634 INFO [bdqueimadas.consolidate]   linhas lidas (manual): 249,179  | tempo=0.35s
2025-10-17 20:21:57,634 INFO [bdqueimadas.consolidate] [PHASE] Normalizando MANUAL (datas, chaves, strings)
2025-10-17 20:22:00,370 INFO [bdqueimadas.consolidate]   normalização (manual) ok | tempo=2.74s
2025-10-17 20:22:00,371 INFO [bdqueimadas.consolidate] [PHASE] Lendo PROCESSADO: focos_br_ref_2006.csv
2025-10-17 20:22:00,876 INFO [bdqueimadas.consolidate]   linhas lidas (proc): 249,179  | tempo=0.51s
2025-10-17 20:22:00,877 INFO [bdqueimadas.consolidate] [PHASE] Normalizando PROCESSADO (datas, chaves, strings)
2025-10-17 20:22:03,625 INFO [bdqueimadas.consolidate]   normalização (proc) ok | tempo=2.75s
2025-10-17 20:22:03,625 INFO [bdqueimadas.consolidate] [PHASE] MERGE bruto por __KEY
2025-10-17 20:22:04,854 INFO [bdqueimadas.consolidate]   linhas pós-merge: 6,253,717 | hits (id_bdq!=NaN): 6,253,717 | tempo=1.23s
2025-10-17 20:22:04,854 INFO [bdqueimadas.consolidate] [PHASE] DESAMBIGUAÇÃO por grupos (KEY+FRP+RiscoFogo+coords)
2025-10-17 20:22:06,152 INFO [bdqueimadas.consolidate]   grupos a resolver: 249,179
2025-10-17 20:22:11,484 INFO [bdqueimadas.consolidate]   progresso desambiguação:   2.01% (5,000/249,179)
2025-10-17 20:22:15,360 INFO [bdqueimadas.consolidate]   progresso desambiguação:   4.01% (10,000/249,179)
2025-10-17 20:22:18,631 INFO [bdqueimadas.consolidate]   progresso desambiguação:   6.02% (15,000/249,179)
2025-10-17 20:22:22,470 INFO [bdqueimadas.consolidate]   progresso desambiguação:   8.03% (20,000/249,179)
2025-10-17 20:22:26,214 INFO [bdqueimadas.consolidate]   progresso desambiguação:  10.03% (25,000/249,179)
2025-10-17 20:22:30,695 INFO [bdqueimadas.consolidate]   progresso desambiguação:  12.04% (30,000/249,179)
2025-10-17 20:22:35,378 INFO [bdqueimadas.consolidate]   progresso desambiguação:  14.05% (35,000/249,179)
2025-10-17 20:22:41,014 INFO [bdqueimadas.consolidate]   progresso desambiguação:  16.05% (40,000/249,179)
2025-10-17 20:22:45,761 INFO [bdqueimadas.consolidate]   progresso desambiguação:  18.06% (45,000/249,179)
2025-10-17 20:22:58,320 INFO [bdqueimadas.consolidate]   progresso desambiguação:  20.07% (50,000/249,179)
2025-10-17 20:23:07,104 INFO [bdqueimadas.consolidate]   progresso desambiguação:  22.07% (55,000/249,179)
2025-10-17 20:23:22,925 INFO [bdqueimadas.consolidate]   progresso desambiguação:  24.08% (60,000/249,179)
2025-10-17 20:23:36,134 INFO [bdqueimadas.consolidate]   progresso desambiguação:  26.09% (65,000/249,179)
2025-10-17 20:23:52,336 INFO [bdqueimadas.consolidate]   progresso desambiguação:  28.09% (70,000/249,179)
2025-10-17 20:24:05,919 INFO [bdqueimadas.consolidate]   progresso desambiguação:  30.10% (75,000/249,179)
2025-10-17 20:24:17,568 INFO [bdqueimadas.consolidate]   progresso desambiguação:  32.11% (80,000/249,179)
2025-10-17 20:24:28,722 INFO [bdqueimadas.consolidate]   progresso desambiguação:  34.11% (85,000/249,179)
2025-10-17 20:24:41,920 INFO [bdqueimadas.consolidate]   progresso desambiguação:  36.12% (90,000/249,179)
2025-10-17 20:24:51,735 INFO [bdqueimadas.consolidate]   progresso desambiguação:  38.13% (95,000/249,179)
2025-10-17 20:25:03,214 INFO [bdqueimadas.consolidate]   progresso desambiguação:  40.13% (100,000/249,179)
2025-10-17 20:25:10,798 INFO [bdqueimadas.consolidate]   progresso desambiguação:  42.14% (105,000/249,179)
2025-10-17 20:25:30,471 INFO [bdqueimadas.consolidate]   progresso desambiguação:  44.14% (110,000/249,179)
2025-10-17 20:25:42,471 INFO [bdqueimadas.consolidate]   progresso desambiguação:  46.15% (115,000/249,179)
2025-10-17 20:25:52,683 INFO [bdqueimadas.consolidate]   progresso desambiguação:  48.16% (120,000/249,179)
2025-10-17 20:26:02,261 INFO [bdqueimadas.consolidate]   progresso desambiguação:  50.16% (125,000/249,179)
2025-10-17 20:26:16,377 INFO [bdqueimadas.consolidate]   progresso desambiguação:  52.17% (130,000/249,179)
2025-10-17 20:26:29,733 INFO [bdqueimadas.consolidate]   progresso desambiguação:  54.18% (135,000/249,179)
2025-10-17 20:26:42,302 INFO [bdqueimadas.consolidate]   progresso desambiguação:  56.18% (140,000/249,179)
2025-10-17 20:26:52,920 INFO [bdqueimadas.consolidate]   progresso desambiguação:  58.19% (145,000/249,179)
2025-10-17 20:26:59,702 INFO [bdqueimadas.consolidate]   progresso desambiguação:  60.20% (150,000/249,179)
2025-10-17 20:27:11,781 INFO [bdqueimadas.consolidate]   progresso desambiguação:  62.20% (155,000/249,179)
2025-10-17 20:27:23,592 INFO [bdqueimadas.consolidate]   progresso desambiguação:  64.21% (160,000/249,179)
2025-10-17 20:27:31,989 INFO [bdqueimadas.consolidate]   progresso desambiguação:  66.22% (165,000/249,179)
2025-10-17 20:27:37,659 INFO [bdqueimadas.consolidate]   progresso desambiguação:  68.22% (170,000/249,179)
2025-10-17 20:27:45,400 INFO [bdqueimadas.consolidate]   progresso desambiguação:  70.23% (175,000/249,179)
2025-10-17 20:27:52,005 INFO [bdqueimadas.consolidate]   progresso desambiguação:  72.24% (180,000/249,179)
2025-10-17 20:27:59,295 INFO [bdqueimadas.consolidate]   progresso desambiguação:  74.24% (185,000/249,179)
2025-10-17 20:28:04,834 INFO [bdqueimadas.consolidate]   progresso desambiguação:  76.25% (190,000/249,179)
2025-10-17 20:28:10,122 INFO [bdqueimadas.consolidate]   progresso desambiguação:  78.26% (195,000/249,179)
2025-10-17 20:28:18,039 INFO [bdqueimadas.consolidate]   progresso desambiguação:  80.26% (200,000/249,179)
2025-10-17 20:28:25,364 INFO [bdqueimadas.consolidate]   progresso desambiguação:  82.27% (205,000/249,179)
2025-10-17 20:28:34,194 INFO [bdqueimadas.consolidate]   progresso desambiguação:  84.28% (210,000/249,179)
2025-10-17 20:28:42,421 INFO [bdqueimadas.consolidate]   progresso desambiguação:  86.28% (215,000/249,179)
2025-10-17 20:28:48,119 INFO [bdqueimadas.consolidate]   progresso desambiguação:  88.29% (220,000/249,179)
2025-10-17 20:28:52,850 INFO [bdqueimadas.consolidate]   progresso desambiguação:  90.30% (225,000/249,179)
2025-10-17 20:28:59,711 INFO [bdqueimadas.consolidate]   progresso desambiguação:  92.30% (230,000/249,179)
2025-10-17 20:29:07,471 INFO [bdqueimadas.consolidate]   progresso desambiguação:  94.31% (235,000/249,179)
2025-10-17 20:29:13,462 INFO [bdqueimadas.consolidate]   progresso desambiguação:  96.32% (240,000/249,179)
2025-10-17 20:29:21,350 INFO [bdqueimadas.consolidate]   progresso desambiguação:  98.32% (245,000/249,179)
2025-10-17 20:29:24,587 INFO [bdqueimadas.consolidate]   progresso desambiguação: 100.00% (249,179/249,179)
2025-10-17 20:29:52,628 INFO [bdqueimadas.consolidate]   desambiguação concluída | linhas=249,179 | tempo=466.48s
2025-10-17 20:29:56,608 INFO [bdqueimadas.consolidate] [2006] [DONE] D:\Projetos\TCC\data\consolidated\BDQUEIMADAS\bdq_targets_2006.csv  (linhas: 249,179)
2025-10-17 20:29:56,608 INFO [bdqueimadas.consolidate] [2006] STATS: {'total_manual_rows': 249179, 'matched_rows': 249179, 'unmatched_manual_rows': 0, 'raw_merge_matches': 6253717, 'unmatched_proc_keys': 0}
2025-10-17 20:29:56,733 INFO [bdqueimadas.consolidate] [2007] MANUAL: exportador_2025-10-17_ref_2007.csv
2025-10-17 20:29:56,734 INFO [bdqueimadas.consolidate] [2007] PROC:    focos_br_ref_2007.csv
2025-10-17 20:29:56,734 INFO [bdqueimadas.consolidate] [PHASE] Lendo MANUAL: exportador_2025-10-17_ref_2007.csv
2025-10-17 20:29:57,245 INFO [bdqueimadas.consolidate]   linhas lidas (manual): 393,915  | tempo=0.51s
2025-10-17 20:29:57,245 INFO [bdqueimadas.consolidate] [PHASE] Normalizando MANUAL (datas, chaves, strings)
2025-10-17 20:30:01,576 INFO [bdqueimadas.consolidate]   normalização (manual) ok | tempo=4.33s
2025-10-17 20:30:01,577 INFO [bdqueimadas.consolidate] [PHASE] Lendo PROCESSADO: focos_br_ref_2007.csv
2025-10-17 20:30:02,316 INFO [bdqueimadas.consolidate]   linhas lidas (proc): 393,915  | tempo=0.74s
2025-10-17 20:30:02,316 INFO [bdqueimadas.consolidate] [PHASE] Normalizando PROCESSADO (datas, chaves, strings)
2025-10-17 20:30:06,671 INFO [bdqueimadas.consolidate]   normalização (proc) ok | tempo=4.35s
2025-10-17 20:30:06,671 INFO [bdqueimadas.consolidate] [PHASE] MERGE bruto por __KEY
2025-10-17 20:30:08,967 INFO [bdqueimadas.consolidate]   linhas pós-merge: 12,208,477 | hits (id_bdq!=NaN): 12,208,477 | tempo=2.30s
2025-10-17 20:30:08,968 INFO [bdqueimadas.consolidate] [PHASE] DESAMBIGUAÇÃO por grupos (KEY+FRP+RiscoFogo+coords)
2025-10-17 20:30:11,676 INFO [bdqueimadas.consolidate]   grupos a resolver: 393,915
2025-10-17 20:30:18,640 INFO [bdqueimadas.consolidate]   progresso desambiguação:   1.27% (5,000/393,915)
2025-10-17 20:30:22,946 INFO [bdqueimadas.consolidate]   progresso desambiguação:   2.54% (10,000/393,915)
2025-10-17 20:30:26,288 INFO [bdqueimadas.consolidate]   progresso desambiguação:   3.81% (15,000/393,915)
2025-10-17 20:30:30,123 INFO [bdqueimadas.consolidate]   progresso desambiguação:   5.08% (20,000/393,915)
2025-10-17 20:30:34,118 INFO [bdqueimadas.consolidate]   progresso desambiguação:   6.35% (25,000/393,915)
2025-10-17 20:30:38,385 INFO [bdqueimadas.consolidate]   progresso desambiguação:   7.62% (30,000/393,915)
2025-10-17 20:30:42,630 INFO [bdqueimadas.consolidate]   progresso desambiguação:   8.89% (35,000/393,915)
2025-10-17 20:30:47,141 INFO [bdqueimadas.consolidate]   progresso desambiguação:  10.15% (40,000/393,915)
2025-10-17 20:30:51,589 INFO [bdqueimadas.consolidate]   progresso desambiguação:  11.42% (45,000/393,915)
2025-10-17 20:30:56,849 INFO [bdqueimadas.consolidate]   progresso desambiguação:  12.69% (50,000/393,915)
2025-10-17 20:31:03,632 INFO [bdqueimadas.consolidate]   progresso desambiguação:  13.96% (55,000/393,915)
2025-10-17 20:31:14,142 INFO [bdqueimadas.consolidate]   progresso desambiguação:  15.23% (60,000/393,915)
2025-10-17 20:31:22,587 INFO [bdqueimadas.consolidate]   progresso desambiguação:  16.50% (65,000/393,915)
2025-10-17 20:31:35,182 INFO [bdqueimadas.consolidate]   progresso desambiguação:  17.77% (70,000/393,915)
2025-10-17 20:31:51,811 INFO [bdqueimadas.consolidate]   progresso desambiguação:  19.04% (75,000/393,915)
2025-10-17 20:32:12,685 INFO [bdqueimadas.consolidate]   progresso desambiguação:  20.31% (80,000/393,915)
2025-10-17 20:32:37,678 INFO [bdqueimadas.consolidate]   progresso desambiguação:  21.58% (85,000/393,915)
2025-10-17 20:32:47,978 INFO [bdqueimadas.consolidate]   progresso desambiguação:  22.85% (90,000/393,915)
2025-10-17 20:33:13,186 INFO [bdqueimadas.consolidate]   progresso desambiguação:  24.12% (95,000/393,915)
2025-10-17 20:33:27,169 INFO [bdqueimadas.consolidate]   progresso desambiguação:  25.39% (100,000/393,915)
2025-10-17 20:33:43,571 INFO [bdqueimadas.consolidate]   progresso desambiguação:  26.66% (105,000/393,915)
2025-10-17 20:33:53,810 INFO [bdqueimadas.consolidate]   progresso desambiguação:  27.92% (110,000/393,915)
2025-10-17 20:34:05,650 INFO [bdqueimadas.consolidate]   progresso desambiguação:  29.19% (115,000/393,915)
2025-10-17 20:34:19,355 INFO [bdqueimadas.consolidate]   progresso desambiguação:  30.46% (120,000/393,915)
2025-10-17 20:34:33,175 INFO [bdqueimadas.consolidate]   progresso desambiguação:  31.73% (125,000/393,915)
2025-10-17 20:34:41,974 INFO [bdqueimadas.consolidate]   progresso desambiguação:  33.00% (130,000/393,915)
2025-10-17 20:34:50,373 INFO [bdqueimadas.consolidate]   progresso desambiguação:  34.27% (135,000/393,915)
2025-10-17 20:34:57,179 INFO [bdqueimadas.consolidate]   progresso desambiguação:  35.54% (140,000/393,915)
2025-10-17 20:35:09,559 INFO [bdqueimadas.consolidate]   progresso desambiguação:  36.81% (145,000/393,915)
2025-10-17 20:35:18,983 INFO [bdqueimadas.consolidate]   progresso desambiguação:  38.08% (150,000/393,915)
2025-10-17 20:35:36,806 INFO [bdqueimadas.consolidate]   progresso desambiguação:  39.35% (155,000/393,915)
2025-10-17 20:35:48,976 INFO [bdqueimadas.consolidate]   progresso desambiguação:  40.62% (160,000/393,915)
2025-10-17 20:36:02,185 INFO [bdqueimadas.consolidate]   progresso desambiguação:  41.89% (165,000/393,915)
2025-10-17 20:36:20,620 INFO [bdqueimadas.consolidate]   progresso desambiguação:  43.16% (170,000/393,915)
2025-10-17 20:36:36,056 INFO [bdqueimadas.consolidate]   progresso desambiguação:  44.43% (175,000/393,915)
2025-10-17 20:36:48,853 INFO [bdqueimadas.consolidate]   progresso desambiguação:  45.70% (180,000/393,915)
2025-10-17 20:36:58,639 INFO [bdqueimadas.consolidate]   progresso desambiguação:  46.96% (185,000/393,915)
2025-10-17 20:37:12,740 INFO [bdqueimadas.consolidate]   progresso desambiguação:  48.23% (190,000/393,915)
2025-10-17 20:37:27,897 INFO [bdqueimadas.consolidate]   progresso desambiguação:  49.50% (195,000/393,915)
2025-10-17 20:37:42,215 INFO [bdqueimadas.consolidate]   progresso desambiguação:  50.77% (200,000/393,915)
2025-10-17 20:37:57,984 INFO [bdqueimadas.consolidate]   progresso desambiguação:  52.04% (205,000/393,915)
2025-10-17 20:38:06,039 INFO [bdqueimadas.consolidate]   progresso desambiguação:  53.31% (210,000/393,915)
2025-10-17 20:38:22,400 INFO [bdqueimadas.consolidate]   progresso desambiguação:  54.58% (215,000/393,915)
2025-10-17 20:38:31,311 INFO [bdqueimadas.consolidate]   progresso desambiguação:  55.85% (220,000/393,915)
2025-10-17 20:38:39,381 INFO [bdqueimadas.consolidate]   progresso desambiguação:  57.12% (225,000/393,915)
2025-10-17 20:38:51,084 INFO [bdqueimadas.consolidate]   progresso desambiguação:  58.39% (230,000/393,915)
2025-10-17 20:38:59,294 INFO [bdqueimadas.consolidate]   progresso desambiguação:  59.66% (235,000/393,915)
2025-10-17 20:39:06,345 INFO [bdqueimadas.consolidate]   progresso desambiguação:  60.93% (240,000/393,915)
2025-10-17 20:39:14,896 INFO [bdqueimadas.consolidate]   progresso desambiguação:  62.20% (245,000/393,915)
2025-10-17 20:39:24,735 INFO [bdqueimadas.consolidate]   progresso desambiguação:  63.47% (250,000/393,915)
2025-10-17 20:39:34,144 INFO [bdqueimadas.consolidate]   progresso desambiguação:  64.73% (255,000/393,915)
2025-10-17 20:39:43,239 INFO [bdqueimadas.consolidate]   progresso desambiguação:  66.00% (260,000/393,915)
2025-10-17 20:39:51,291 INFO [bdqueimadas.consolidate]   progresso desambiguação:  67.27% (265,000/393,915)
2025-10-17 20:40:07,173 INFO [bdqueimadas.consolidate]   progresso desambiguação:  68.54% (270,000/393,915)
2025-10-17 20:40:30,136 INFO [bdqueimadas.consolidate]   progresso desambiguação:  69.81% (275,000/393,915)
2025-10-17 20:40:43,424 INFO [bdqueimadas.consolidate]   progresso desambiguação:  71.08% (280,000/393,915)
2025-10-17 20:40:57,124 INFO [bdqueimadas.consolidate]   progresso desambiguação:  72.35% (285,000/393,915)
2025-10-17 20:41:08,475 INFO [bdqueimadas.consolidate]   progresso desambiguação:  73.62% (290,000/393,915)
2025-10-17 20:41:19,257 INFO [bdqueimadas.consolidate]   progresso desambiguação:  74.89% (295,000/393,915)
2025-10-17 20:41:27,801 INFO [bdqueimadas.consolidate]   progresso desambiguação:  76.16% (300,000/393,915)
2025-10-17 20:41:34,904 INFO [bdqueimadas.consolidate]   progresso desambiguação:  77.43% (305,000/393,915)
2025-10-17 20:41:40,387 INFO [bdqueimadas.consolidate]   progresso desambiguação:  78.70% (310,000/393,915)
2025-10-17 20:41:46,206 INFO [bdqueimadas.consolidate]   progresso desambiguação:  79.97% (315,000/393,915)
2025-10-17 20:41:52,250 INFO [bdqueimadas.consolidate]   progresso desambiguação:  81.24% (320,000/393,915)
2025-10-17 20:41:59,030 INFO [bdqueimadas.consolidate]   progresso desambiguação:  82.51% (325,000/393,915)
2025-10-17 20:42:05,315 INFO [bdqueimadas.consolidate]   progresso desambiguação:  83.77% (330,000/393,915)
2025-10-17 20:42:13,800 INFO [bdqueimadas.consolidate]   progresso desambiguação:  85.04% (335,000/393,915)
2025-10-17 20:42:22,787 INFO [bdqueimadas.consolidate]   progresso desambiguação:  86.31% (340,000/393,915)
2025-10-17 20:42:29,531 INFO [bdqueimadas.consolidate]   progresso desambiguação:  87.58% (345,000/393,915)
2025-10-17 20:42:35,101 INFO [bdqueimadas.consolidate]   progresso desambiguação:  88.85% (350,000/393,915)
2025-10-17 20:42:39,776 INFO [bdqueimadas.consolidate]   progresso desambiguação:  90.12% (355,000/393,915)
2025-10-17 20:42:45,645 INFO [bdqueimadas.consolidate]   progresso desambiguação:  91.39% (360,000/393,915)
2025-10-17 20:42:51,033 INFO [bdqueimadas.consolidate]   progresso desambiguação:  92.66% (365,000/393,915)
2025-10-17 20:42:57,239 INFO [bdqueimadas.consolidate]   progresso desambiguação:  93.93% (370,000/393,915)
2025-10-17 20:43:03,499 INFO [bdqueimadas.consolidate]   progresso desambiguação:  95.20% (375,000/393,915)
2025-10-17 20:43:08,372 INFO [bdqueimadas.consolidate]   progresso desambiguação:  96.47% (380,000/393,915)
2025-10-17 20:43:12,323 INFO [bdqueimadas.consolidate]   progresso desambiguação:  97.74% (385,000/393,915)
2025-10-17 20:43:17,469 INFO [bdqueimadas.consolidate]   progresso desambiguação:  99.01% (390,000/393,915)
2025-10-17 20:43:20,989 INFO [bdqueimadas.consolidate]   progresso desambiguação: 100.00% (393,915/393,915)
2025-10-17 20:44:04,709 INFO [bdqueimadas.consolidate]   desambiguação concluída | linhas=393,915 | tempo=833.03s
2025-10-17 20:44:11,281 INFO [bdqueimadas.consolidate] [2007] [DONE] D:\Projetos\TCC\data\consolidated\BDQUEIMADAS\bdq_targets_2007.csv  (linhas: 393,915)
2025-10-17 20:44:11,281 INFO [bdqueimadas.consolidate] [2007] STATS: {'total_manual_rows': 393915, 'matched_rows': 393915, 'unmatched_manual_rows': 0, 'raw_merge_matches': 12208477, 'unmatched_proc_keys': 0}
2025-10-17 20:44:11,446 INFO [bdqueimadas.consolidate] [2008] MANUAL: exportador_2025-10-17_ref_2008.csv
2025-10-17 20:44:11,447 INFO [bdqueimadas.consolidate] [2008] PROC:    focos_br_ref_2008.csv
2025-10-17 20:44:11,447 INFO [bdqueimadas.consolidate] [PHASE] Lendo MANUAL: exportador_2025-10-17_ref_2008.csv
2025-10-17 20:44:11,713 INFO [bdqueimadas.consolidate]   linhas lidas (manual): 211,933  | tempo=0.27s
2025-10-17 20:44:11,713 INFO [bdqueimadas.consolidate] [PHASE] Normalizando MANUAL (datas, chaves, strings)
2025-10-17 20:44:14,034 INFO [bdqueimadas.consolidate]   normalização (manual) ok | tempo=2.32s
2025-10-17 20:44:14,034 INFO [bdqueimadas.consolidate] [PHASE] Lendo PROCESSADO: focos_br_ref_2008.csv
2025-10-17 20:44:14,463 INFO [bdqueimadas.consolidate]   linhas lidas (proc): 211,933  | tempo=0.43s
2025-10-17 20:44:14,463 INFO [bdqueimadas.consolidate] [PHASE] Normalizando PROCESSADO (datas, chaves, strings)
2025-10-17 20:44:16,805 INFO [bdqueimadas.consolidate]   normalização (proc) ok | tempo=2.34s
2025-10-17 20:44:16,806 INFO [bdqueimadas.consolidate] [PHASE] MERGE bruto por __KEY
2025-10-17 20:44:17,688 INFO [bdqueimadas.consolidate]   linhas pós-merge: 4,410,753 | hits (id_bdq!=NaN): 4,410,753 | tempo=0.88s
2025-10-17 20:44:17,688 INFO [bdqueimadas.consolidate] [PHASE] DESAMBIGUAÇÃO por grupos (KEY+FRP+RiscoFogo+coords)
2025-10-17 20:44:18,637 INFO [bdqueimadas.consolidate]   grupos a resolver: 211,933
2025-10-17 20:44:23,201 INFO [bdqueimadas.consolidate]   progresso desambiguação:   2.36% (5,000/211,933)
2025-10-17 20:44:26,609 INFO [bdqueimadas.consolidate]   progresso desambiguação:   4.72% (10,000/211,933)
2025-10-17 20:44:30,012 INFO [bdqueimadas.consolidate]   progresso desambiguação:   7.08% (15,000/211,933)
2025-10-17 20:44:33,840 INFO [bdqueimadas.consolidate]   progresso desambiguação:   9.44% (20,000/211,933)
2025-10-17 20:44:37,948 INFO [bdqueimadas.consolidate]   progresso desambiguação:  11.80% (25,000/211,933)
2025-10-17 20:44:44,202 INFO [bdqueimadas.consolidate]   progresso desambiguação:  14.16% (30,000/211,933)
2025-10-17 20:44:51,859 INFO [bdqueimadas.consolidate]   progresso desambiguação:  16.51% (35,000/211,933)
2025-10-17 20:45:03,099 INFO [bdqueimadas.consolidate]   progresso desambiguação:  18.87% (40,000/211,933)
2025-10-17 21:08:17,284 INFO [bdqueimadas.consolidate]   progresso desambiguação:  21.23% (45,000/211,933)
2025-10-17 21:08:39,852 INFO [bdqueimadas.consolidate]   progresso desambiguação:  23.59% (50,000/211,933)
2025-10-17 21:09:00,667 INFO [bdqueimadas.consolidate]   progresso desambiguação:  25.95% (55,000/211,933)
2025-10-17 21:09:09,854 INFO [bdqueimadas.consolidate]   progresso desambiguação:  28.31% (60,000/211,933)
2025-10-17 21:09:17,573 INFO [bdqueimadas.consolidate]   progresso desambiguação:  30.67% (65,000/211,933)
2025-10-17 21:09:23,972 INFO [bdqueimadas.consolidate]   progresso desambiguação:  33.03% (70,000/211,933)
2025-10-17 21:09:31,819 INFO [bdqueimadas.consolidate]   progresso desambiguação:  35.39% (75,000/211,933)
2025-10-17 21:09:42,032 INFO [bdqueimadas.consolidate]   progresso desambiguação:  37.75% (80,000/211,933)
2025-10-17 21:09:50,407 INFO [bdqueimadas.consolidate]   progresso desambiguação:  40.11% (85,000/211,933)
2025-10-17 21:09:58,323 INFO [bdqueimadas.consolidate]   progresso desambiguação:  42.47% (90,000/211,933)
2025-10-17 21:10:07,047 INFO [bdqueimadas.consolidate]   progresso desambiguação:  44.83% (95,000/211,933)
2025-10-17 21:10:15,726 INFO [bdqueimadas.consolidate]   progresso desambiguação:  47.18% (100,000/211,933)
2025-10-17 21:10:22,208 INFO [bdqueimadas.consolidate]   progresso desambiguação:  49.54% (105,000/211,933)
2025-10-17 21:10:31,538 INFO [bdqueimadas.consolidate]   progresso desambiguação:  51.90% (110,000/211,933)
2025-10-17 21:10:39,785 INFO [bdqueimadas.consolidate]   progresso desambiguação:  54.26% (115,000/211,933)
2025-10-17 21:10:46,999 INFO [bdqueimadas.consolidate]   progresso desambiguação:  56.62% (120,000/211,933)
2025-10-17 21:10:53,247 INFO [bdqueimadas.consolidate]   progresso desambiguação:  58.98% (125,000/211,933)
2025-10-17 21:10:59,609 INFO [bdqueimadas.consolidate]   progresso desambiguação:  61.34% (130,000/211,933)
2025-10-17 21:11:08,367 INFO [bdqueimadas.consolidate]   progresso desambiguação:  63.70% (135,000/211,933)
2025-10-17 21:11:17,674 INFO [bdqueimadas.consolidate]   progresso desambiguação:  66.06% (140,000/211,933)
2025-10-17 21:11:27,917 INFO [bdqueimadas.consolidate]   progresso desambiguação:  68.42% (145,000/211,933)
2025-10-17 21:11:33,996 INFO [bdqueimadas.consolidate]   progresso desambiguação:  70.78% (150,000/211,933)
2025-10-17 21:11:41,263 INFO [bdqueimadas.consolidate]   progresso desambiguação:  73.14% (155,000/211,933)
2025-10-17 21:11:47,257 INFO [bdqueimadas.consolidate]   progresso desambiguação:  75.50% (160,000/211,933)
2025-10-17 21:11:53,972 INFO [bdqueimadas.consolidate]   progresso desambiguação:  77.85% (165,000/211,933)
2025-10-17 21:12:04,553 INFO [bdqueimadas.consolidate]   progresso desambiguação:  80.21% (170,000/211,933)
2025-10-17 21:12:10,910 INFO [bdqueimadas.consolidate]   progresso desambiguação:  82.57% (175,000/211,933)
2025-10-17 21:12:15,322 INFO [bdqueimadas.consolidate]   progresso desambiguação:  84.93% (180,000/211,933)
2025-10-17 21:12:21,095 INFO [bdqueimadas.consolidate]   progresso desambiguação:  87.29% (185,000/211,933)
2025-10-17 21:12:27,057 INFO [bdqueimadas.consolidate]   progresso desambiguação:  89.65% (190,000/211,933)
2025-10-17 21:12:33,516 INFO [bdqueimadas.consolidate]   progresso desambiguação:  92.01% (195,000/211,933)
2025-10-17 21:12:41,125 INFO [bdqueimadas.consolidate]   progresso desambiguação:  94.37% (200,000/211,933)
2025-10-17 21:12:48,495 INFO [bdqueimadas.consolidate]   progresso desambiguação:  96.73% (205,000/211,933)
2025-10-17 21:12:52,965 INFO [bdqueimadas.consolidate]   progresso desambiguação:  99.09% (210,000/211,933)
2025-10-17 21:12:54,578 INFO [bdqueimadas.consolidate]   progresso desambiguação: 100.00% (211,933/211,933)
2025-10-17 21:13:18,704 INFO [bdqueimadas.consolidate]   desambiguação concluída | linhas=211,933 | tempo=1,740.07s
2025-10-17 21:13:22,119 INFO [bdqueimadas.consolidate] [2008] [DONE] D:\Projetos\TCC\data\consolidated\BDQUEIMADAS\bdq_targets_2008.csv  (linhas: 211,933)
2025-10-17 21:13:22,119 INFO [bdqueimadas.consolidate] [2008] STATS: {'total_manual_rows': 211933, 'matched_rows': 211933, 'unmatched_manual_rows': 0, 'raw_merge_matches': 4410753, 'unmatched_proc_keys': 0}
2025-10-17 21:13:22,216 INFO [bdqueimadas.consolidate] [2009] MANUAL: exportador_2025-10-17_ref_2009.csv
2025-10-17 21:13:22,216 INFO [bdqueimadas.consolidate] [2009] PROC:    focos_br_ref_2009.csv
2025-10-17 21:13:22,217 INFO [bdqueimadas.consolidate] [PHASE] Lendo MANUAL: exportador_2025-10-17_ref_2009.csv
2025-10-17 21:13:22,439 INFO [bdqueimadas.consolidate]   linhas lidas (manual): 155,102  | tempo=0.22s
2025-10-17 21:13:22,440 INFO [bdqueimadas.consolidate] [PHASE] Normalizando MANUAL (datas, chaves, strings)
2025-10-17 21:13:24,114 INFO [bdqueimadas.consolidate]   normalização (manual) ok | tempo=1.67s
2025-10-17 21:13:24,114 INFO [bdqueimadas.consolidate] [PHASE] Lendo PROCESSADO: focos_br_ref_2009.csv
2025-10-17 21:13:24,417 INFO [bdqueimadas.consolidate]   linhas lidas (proc): 155,102  | tempo=0.30s
2025-10-17 21:13:24,418 INFO [bdqueimadas.consolidate] [PHASE] Normalizando PROCESSADO (datas, chaves, strings)
2025-10-17 21:13:26,082 INFO [bdqueimadas.consolidate]   normalização (proc) ok | tempo=1.66s
2025-10-17 21:13:26,082 INFO [bdqueimadas.consolidate] [PHASE] MERGE bruto por __KEY
2025-10-17 21:13:26,552 INFO [bdqueimadas.consolidate]   linhas pós-merge: 2,267,420 | hits (id_bdq!=NaN): 2,267,420 | tempo=0.47s
2025-10-17 21:13:26,552 INFO [bdqueimadas.consolidate] [PHASE] DESAMBIGUAÇÃO por grupos (KEY+FRP+RiscoFogo+coords)
2025-10-17 21:13:27,078 INFO [bdqueimadas.consolidate]   grupos a resolver: 155,102
2025-10-17 21:13:31,354 INFO [bdqueimadas.consolidate]   progresso desambiguação:   3.22% (5,000/155,102)
2025-10-17 21:13:35,579 INFO [bdqueimadas.consolidate]   progresso desambiguação:   6.45% (10,000/155,102)
2025-10-17 21:13:39,940 INFO [bdqueimadas.consolidate]   progresso desambiguação:   9.67% (15,000/155,102)
2025-10-17 21:13:43,830 INFO [bdqueimadas.consolidate]   progresso desambiguação:  12.89% (20,000/155,102)
2025-10-17 21:13:47,723 INFO [bdqueimadas.consolidate]   progresso desambiguação:  16.12% (25,000/155,102)
2025-10-17 21:13:52,638 INFO [bdqueimadas.consolidate]   progresso desambiguação:  19.34% (30,000/155,102)
2025-10-17 21:13:58,239 INFO [bdqueimadas.consolidate]   progresso desambiguação:  22.57% (35,000/155,102)
2025-10-17 21:14:07,389 INFO [bdqueimadas.consolidate]   progresso desambiguação:  25.79% (40,000/155,102)
2025-10-17 21:14:12,070 INFO [bdqueimadas.consolidate]   progresso desambiguação:  29.01% (45,000/155,102)
2025-10-17 21:14:17,306 INFO [bdqueimadas.consolidate]   progresso desambiguação:  32.24% (50,000/155,102)
2025-10-17 21:14:32,516 INFO [bdqueimadas.consolidate]   progresso desambiguação:  35.46% (55,000/155,102)
2025-10-17 21:14:39,944 INFO [bdqueimadas.consolidate]   progresso desambiguação:  38.68% (60,000/155,102)
2025-10-17 21:14:46,707 INFO [bdqueimadas.consolidate]   progresso desambiguação:  41.91% (65,000/155,102)
2025-10-17 21:14:52,574 INFO [bdqueimadas.consolidate]   progresso desambiguação:  45.13% (70,000/155,102)
2025-10-17 21:15:00,156 INFO [bdqueimadas.consolidate]   progresso desambiguação:  48.36% (75,000/155,102)
2025-10-17 21:15:07,026 INFO [bdqueimadas.consolidate]   progresso desambiguação:  51.58% (80,000/155,102)
2025-10-17 21:15:14,090 INFO [bdqueimadas.consolidate]   progresso desambiguação:  54.80% (85,000/155,102)
2025-10-17 21:15:21,106 INFO [bdqueimadas.consolidate]   progresso desambiguação:  58.03% (90,000/155,102)
2025-10-17 21:15:26,883 INFO [bdqueimadas.consolidate]   progresso desambiguação:  61.25% (95,000/155,102)
2025-10-17 21:15:32,284 INFO [bdqueimadas.consolidate]   progresso desambiguação:  64.47% (100,000/155,102)
2025-10-17 21:15:39,361 INFO [bdqueimadas.consolidate]   progresso desambiguação:  67.70% (105,000/155,102)
2025-10-17 21:15:46,248 INFO [bdqueimadas.consolidate]   progresso desambiguação:  70.92% (110,000/155,102)
2025-10-17 21:15:52,248 INFO [bdqueimadas.consolidate]   progresso desambiguação:  74.14% (115,000/155,102)
2025-10-17 21:15:58,095 INFO [bdqueimadas.consolidate]   progresso desambiguação:  77.37% (120,000/155,102)
2025-10-17 21:16:05,753 INFO [bdqueimadas.consolidate]   progresso desambiguação:  80.59% (125,000/155,102)
2025-10-17 21:16:13,105 INFO [bdqueimadas.consolidate]   progresso desambiguação:  83.82% (130,000/155,102)
2025-10-17 21:16:19,078 INFO [bdqueimadas.consolidate]   progresso desambiguação:  87.04% (135,000/155,102)
2025-10-17 21:16:25,297 INFO [bdqueimadas.consolidate]   progresso desambiguação:  90.26% (140,000/155,102)
2025-10-17 21:16:31,492 INFO [bdqueimadas.consolidate]   progresso desambiguação:  93.49% (145,000/155,102)
2025-10-17 21:16:36,401 INFO [bdqueimadas.consolidate]   progresso desambiguação:  96.71% (150,000/155,102)
2025-10-17 21:16:42,123 INFO [bdqueimadas.consolidate]   progresso desambiguação:  99.93% (155,000/155,102)
2025-10-17 21:16:42,198 INFO [bdqueimadas.consolidate]   progresso desambiguação: 100.00% (155,102/155,102)
2025-10-17 21:16:59,645 INFO [bdqueimadas.consolidate]   desambiguação concluída | linhas=155,102 | tempo=212.57s
2025-10-17 21:17:01,977 INFO [bdqueimadas.consolidate] [2009] [DONE] D:\Projetos\TCC\data\consolidated\BDQUEIMADAS\bdq_targets_2009.csv  (linhas: 155,102)
2025-10-17 21:17:01,977 INFO [bdqueimadas.consolidate] [2009] STATS: {'total_manual_rows': 155102, 'matched_rows': 155102, 'unmatched_manual_rows': 0, 'raw_merge_matches': 2267420, 'unmatched_proc_keys': 0}
2025-10-17 21:17:02,056 INFO [bdqueimadas.consolidate] [2011] MANUAL: exportador_2025-10-17_ref_2011.csv
2025-10-17 21:17:02,056 INFO [bdqueimadas.consolidate] [2011] PROC:    focos_br_ref_2011.csv
2025-10-17 21:17:02,057 INFO [bdqueimadas.consolidate] [PHASE] Lendo MANUAL: exportador_2025-10-17_ref_2011.csv
2025-10-17 21:17:02,289 INFO [bdqueimadas.consolidate]   linhas lidas (manual): 158,099  | tempo=0.23s
2025-10-17 21:17:02,290 INFO [bdqueimadas.consolidate] [PHASE] Normalizando MANUAL (datas, chaves, strings)
2025-10-17 21:17:04,012 INFO [bdqueimadas.consolidate]   normalização (manual) ok | tempo=1.72s
2025-10-17 21:17:04,012 INFO [bdqueimadas.consolidate] [PHASE] Lendo PROCESSADO: focos_br_ref_2011.csv
2025-10-17 21:17:04,376 INFO [bdqueimadas.consolidate]   linhas lidas (proc): 158,099  | tempo=0.36s
2025-10-17 21:17:04,377 INFO [bdqueimadas.consolidate] [PHASE] Normalizando PROCESSADO (datas, chaves, strings)
2025-10-17 21:17:06,091 INFO [bdqueimadas.consolidate]   normalização (proc) ok | tempo=1.71s
2025-10-17 21:17:06,092 INFO [bdqueimadas.consolidate] [PHASE] MERGE bruto por __KEY
2025-10-17 21:17:06,448 INFO [bdqueimadas.consolidate]   linhas pós-merge: 1,505,117 | hits (id_bdq!=NaN): 1,505,117 | tempo=0.36s
2025-10-17 21:17:06,448 INFO [bdqueimadas.consolidate] [PHASE] DESAMBIGUAÇÃO por grupos (KEY+FRP+RiscoFogo+coords)
2025-10-17 21:17:06,857 INFO [bdqueimadas.consolidate]   grupos a resolver: 158,099
2025-10-17 21:17:10,612 INFO [bdqueimadas.consolidate]   progresso desambiguação:   3.16% (5,000/158,099)
2025-10-17 21:17:13,819 INFO [bdqueimadas.consolidate]   progresso desambiguação:   6.33% (10,000/158,099)
2025-10-17 21:17:17,368 INFO [bdqueimadas.consolidate]   progresso desambiguação:   9.49% (15,000/158,099)
2025-10-17 21:17:20,924 INFO [bdqueimadas.consolidate]   progresso desambiguação:  12.65% (20,000/158,099)
2025-10-17 21:17:24,972 INFO [bdqueimadas.consolidate]   progresso desambiguação:  15.81% (25,000/158,099)
2025-10-17 21:17:29,396 INFO [bdqueimadas.consolidate]   progresso desambiguação:  18.98% (30,000/158,099)
2025-10-17 21:17:34,065 INFO [bdqueimadas.consolidate]   progresso desambiguação:  22.14% (35,000/158,099)
2025-10-17 21:17:38,927 INFO [bdqueimadas.consolidate]   progresso desambiguação:  25.30% (40,000/158,099)
2025-10-17 21:17:43,670 INFO [bdqueimadas.consolidate]   progresso desambiguação:  28.46% (45,000/158,099)
2025-10-17 21:17:48,855 INFO [bdqueimadas.consolidate]   progresso desambiguação:  31.63% (50,000/158,099)
2025-10-17 21:17:54,834 INFO [bdqueimadas.consolidate]   progresso desambiguação:  34.79% (55,000/158,099)
2025-10-17 21:18:00,197 INFO [bdqueimadas.consolidate]   progresso desambiguação:  37.95% (60,000/158,099)
2025-10-17 21:18:06,724 INFO [bdqueimadas.consolidate]   progresso desambiguação:  41.11% (65,000/158,099)
2025-10-17 21:18:13,661 INFO [bdqueimadas.consolidate]   progresso desambiguação:  44.28% (70,000/158,099)
