2025-10-17 18:53:14,238 INFO [bdqueimadas.consolidate] [2012] MANUAL: exportador_2025-10-17_ref_2012.csv
2025-10-17 18:53:14,238 INFO [bdqueimadas.consolidate] [2012] PROC:    focos_br_ref_2012.csv
2025-10-17 18:53:14,239 INFO [bdqueimadas.consolidate] [PHASE] Lendo MANUAL: exportador_2025-10-17_ref_2012.csv
2025-10-17 18:53:14,467 INFO [bdqueimadas.consolidate]   linhas lidas (manual): 217,234  | tempo=0.23s
2025-10-17 18:53:14,468 INFO [bdqueimadas.consolidate] [PHASE] Normalizando MANUAL (datas, chaves, strings)
2025-10-17 18:53:15,830 INFO [bdqueimadas.consolidate]   normalização (manual) ok | tempo=1.36s
2025-10-17 18:53:15,830 INFO [bdqueimadas.consolidate] [PHASE] Lendo PROCESSADO: focos_br_ref_2012.csv
2025-10-17 18:53:16,240 INFO [bdqueimadas.consolidate]   linhas lidas (proc): 217,234  | tempo=0.41s
2025-10-17 18:53:16,241 INFO [bdqueimadas.consolidate] [PHASE] Normalizando PROCESSADO (datas, chaves, strings)
2025-10-17 18:53:17,638 INFO [bdqueimadas.consolidate]   normalização (proc) ok | tempo=1.40s
2025-10-17 18:53:17,638 INFO [bdqueimadas.consolidate] [PHASE] MERGE bruto por __KEY
2025-10-17 18:53:18,396 INFO [bdqueimadas.consolidate]   linhas pós-merge: 3,987,166 | hits (id_bdq!=NaN): 3,987,166 | tempo=0.76s
2025-10-17 18:53:18,396 INFO [bdqueimadas.consolidate] [PHASE] DESAMBIGUAÇÃO por grupos (KEY+FRP+RiscoFogo+coords)
2025-10-17 18:53:19,244 INFO [bdqueimadas.consolidate]   grupos a resolver: 217,234
2025-10-17 18:53:23,711 INFO [bdqueimadas.consolidate]   progresso desambiguação:   2.30% (5,000/217,234)
2025-10-17 18:53:26,934 INFO [bdqueimadas.consolidate]   progresso desambiguação:   4.60% (10,000/217,234)
2025-10-17 18:53:30,463 INFO [bdqueimadas.consolidate]   progresso desambiguação:   6.90% (15,000/217,234)
2025-10-17 18:53:34,452 INFO [bdqueimadas.consolidate]   progresso desambiguação:   9.21% (20,000/217,234)
2025-10-17 18:53:39,004 INFO [bdqueimadas.consolidate]   progresso desambiguação:  11.51% (25,000/217,234)
2025-10-17 18:53:44,808 INFO [bdqueimadas.consolidate]   progresso desambiguação:  13.81% (30,000/217,234)
2025-10-17 18:53:50,244 INFO [bdqueimadas.consolidate]   progresso desambiguação:  16.11% (35,000/217,234)
2025-10-17 18:53:57,783 INFO [bdqueimadas.consolidate]   progresso desambiguação:  18.41% (40,000/217,234)
2025-10-17 18:54:03,908 INFO [bdqueimadas.consolidate]   progresso desambiguação:  20.71% (45,000/217,234)
2025-10-17 18:54:11,877 INFO [bdqueimadas.consolidate]   progresso desambiguação:  23.02% (50,000/217,234)
2025-10-17 18:54:21,580 INFO [bdqueimadas.consolidate]   progresso desambiguação:  25.32% (55,000/217,234)
2025-10-17 18:54:33,045 INFO [bdqueimadas.consolidate]   progresso desambiguação:  27.62% (60,000/217,234)
2025-10-17 18:54:45,997 INFO [bdqueimadas.consolidate]   progresso desambiguação:  29.92% (65,000/217,234)
2025-10-17 18:54:58,230 INFO [bdqueimadas.consolidate]   progresso desambiguação:  32.22% (70,000/217,234)
2025-10-17 18:55:08,893 INFO [bdqueimadas.consolidate]   progresso desambiguação:  34.52% (75,000/217,234)
2025-10-17 18:55:21,208 INFO [bdqueimadas.consolidate]   progresso desambiguação:  36.83% (80,000/217,234)
2025-10-17 18:55:31,579 INFO [bdqueimadas.consolidate]   progresso desambiguação:  39.13% (85,000/217,234)
2025-10-17 18:55:40,547 INFO [bdqueimadas.consolidate]   progresso desambiguação:  41.43% (90,000/217,234)
2025-10-17 18:55:49,571 INFO [bdqueimadas.consolidate]   progresso desambiguação:  43.73% (95,000/217,234)
2025-10-17 18:56:00,041 INFO [bdqueimadas.consolidate]   progresso desambiguação:  46.03% (100,000/217,234)
2025-10-17 18:56:12,499 INFO [bdqueimadas.consolidate]   progresso desambiguação:  48.33% (105,000/217,234)
2025-10-17 18:56:21,911 INFO [bdqueimadas.consolidate]   progresso desambiguação:  50.64% (110,000/217,234)
2025-10-17 18:56:33,869 INFO [bdqueimadas.consolidate]   progresso desambiguação:  52.94% (115,000/217,234)
2025-10-17 18:56:40,520 INFO [bdqueimadas.consolidate]   progresso desambiguação:  55.24% (120,000/217,234)
2025-10-17 18:56:48,081 INFO [bdqueimadas.consolidate]   progresso desambiguação:  57.54% (125,000/217,234)
2025-10-17 18:56:56,157 INFO [bdqueimadas.consolidate]   progresso desambiguação:  59.84% (130,000/217,234)
2025-10-17 18:57:02,644 INFO [bdqueimadas.consolidate]   progresso desambiguação:  62.14% (135,000/217,234)
2025-10-17 18:57:09,368 INFO [bdqueimadas.consolidate]   progresso desambiguação:  64.45% (140,000/217,234)
2025-10-17 18:57:14,444 INFO [bdqueimadas.consolidate]   progresso desambiguação:  66.75% (145,000/217,234)
2025-10-17 18:57:21,493 INFO [bdqueimadas.consolidate]   progresso desambiguação:  69.05% (150,000/217,234)
2025-10-17 18:57:28,158 INFO [bdqueimadas.consolidate]   progresso desambiguação:  71.35% (155,000/217,234)
2025-10-17 18:57:35,599 INFO [bdqueimadas.consolidate]   progresso desambiguação:  73.65% (160,000/217,234)
2025-10-17 18:57:42,059 INFO [bdqueimadas.consolidate]   progresso desambiguação:  75.95% (165,000/217,234)
2025-10-17 18:57:46,758 INFO [bdqueimadas.consolidate]   progresso desambiguação:  78.26% (170,000/217,234)
2025-10-17 18:57:52,420 INFO [bdqueimadas.consolidate]   progresso desambiguação:  80.56% (175,000/217,234)
2025-10-17 18:57:58,987 INFO [bdqueimadas.consolidate]   progresso desambiguação:  82.86% (180,000/217,234)
2025-10-17 18:58:04,372 INFO [bdqueimadas.consolidate]   progresso desambiguação:  85.16% (185,000/217,234)
2025-10-17 18:58:09,789 INFO [bdqueimadas.consolidate]   progresso desambiguação:  87.46% (190,000/217,234)
2025-10-17 18:58:17,777 INFO [bdqueimadas.consolidate]   progresso desambiguação:  89.76% (195,000/217,234)
2025-10-17 18:58:23,594 INFO [bdqueimadas.consolidate]   progresso desambiguação:  92.07% (200,000/217,234)
2025-10-17 18:58:28,618 INFO [bdqueimadas.consolidate]   progresso desambiguação:  94.37% (205,000/217,234)
2025-10-17 18:58:34,127 INFO [bdqueimadas.consolidate]   progresso desambiguação:  96.67% (210,000/217,234)
2025-10-17 18:58:38,952 INFO [bdqueimadas.consolidate]   progresso desambiguação:  98.97% (215,000/217,234)
2025-10-17 18:58:40,514 INFO [bdqueimadas.consolidate]   progresso desambiguação: 100.00% (217,234/217,234)
2025-10-17 18:59:05,704 INFO [bdqueimadas.consolidate]   desambiguação concluída | linhas=217,234 | tempo=346.46s
2025-10-17 18:59:09,286 INFO [bdqueimadas.consolidate] [2012] [DONE] D:\Projetos\TCC\data\consolidated\BDQUEIMADAS\bdq_targets_2012.csv  (linhas: 217,234)
2025-10-17 18:59:09,286 INFO [bdqueimadas.consolidate] [2012] STATS: {'total_manual_rows': 217234, 'matched_rows': 217234, 'unmatched_manual_rows': 0, 'raw_merge_matches': 3987166, 'unmatched_proc_keys': 0}
